#
# A fatal error has been detected by the Java Runtime Environment:
#
#  EXCEPTION_PRIV_INSTRUCTION (0xc0000096) at pc=0x000000005f9630c7, pid=8772, tid=0x00000000000020fc
#
# JRE version: Java(TM) SE Runtime Environment (8.0_301-b09) (build 1.8.0_301-b09)
# Java VM: Java HotSpot(TM) 64-Bit Server VM (25.301-b09 mixed mode windows-amd64 compressed oops)
# Problematic frame:
# V  [jvm.dll+0x430c7]
#
# Failed to write core dump. Minidumps are not enabled by default on client versions of Windows
#
# If you would like to submit a bug report, please visit:
#   http://bugreport.java.com/bugreport/crash.jsp
#

---------------  T H R E A D  ---------------

Current thread (0x000001b90c7c6800):  JavaThread "C1 CompilerThread10" daemon [_thread_in_vm, id=8444, stack(0x0000004144700000,0x0000004144800000)]

siginfo: ExceptionCode=0xc0000096

Registers:
RAX=0x000001b97df23bb0, RBX=0x000001b90c7c6800, RCX=0x000001b90c7b83e0, RDX=0x00000041447fd7f8
RSP=0x00000041447fd7a0, RBP=0x0000000000000000, RSI=0x00000000000000b7, RDI=0x000001b97df23bb0
R8 =0x0000000000000001, R9 =0x0000000000000001, R10=0x000001b90c7b83e0, R11=0x000001b97df23bb0
R12=0x0000000000000000, R13=0x0000000000000000, R14=0x00000000000000b7, R15=0x0000000000000000
RIP=0x000000005f9630c7, EFLAGS=0x0000000000010202

Top of Stack: (sp=0x00000041447fd7a0)
0x00000041447fd7a0:   000001b90c7c6800 00000000000000b7
0x00000041447fd7b0:   000001b97df23bb0 000000005f96c296
0x00000041447fd7c0:   000001b97df23bb0 000001b90c7c6800
0x00000041447fd7d0:   000001b910d9bef0 00000000000000b7
0x00000041447fd7e0:   0000000000000000 000000005fd11806
0x00000041447fd7f0:   000001b97df23bb0 000001b97df23bb0
0x00000041447fd800:   00000041447fdb80 00000041447fdb80
0x00000041447fd810:   00000000000000b7 00000041447fdb80
0x00000041447fd820:   00000041447fdb80 000000005fd090c5
0x00000041447fd830:   000001b910d9bef0 000001b910d99a10
0x00000041447fd840:   000001b910d9bef0 00000000000000b7
0x00000041447fd850:   0000000000000000 000000005fd3f415
0x00000041447fd860:   0000000000000000 000001b90e1ebbe0
0x00000041447fd870:   0000000000000000 000001b910d99a10
0x00000041447fd880:   000001b910d99a10 000001b910d99a10
0x00000041447fd890:   000001b910d99a10 0000000000000000 

Instructions: (pc=0x000000005f9630c7)
0x000000005f9630a7:   48 89 7c 24 20 48 85 ff 74 1d 48 89 5c 24 28 48
0x000000005f9630b7:   8d 54 24 58 48 8b 8b 48 01 00 00 48 89 7c 24 58
0x000000005f9630c7:   e8 f4 f0 fe ff eb 09 48 c7 44 24 28 00 00 00 00
0x000000005f9630d7:   48 8d 4c 24 20 e8 7f e3 06 00 0f b6 e8 48 85 ff 


Register to memory mapping:

RAX={method} {0x000001b97df23bb8} 'getMouseEventTargetImpl' '(IIZLjava/awt/Container$EventTargetFilter;ZZ)Ljava/awt/Component;' in 'java/awt/Container'
RBX=0x000001b90c7c6800 is a thread
RCX=0x000001b90c7b83e0 is an unknown value
RDX=0x00000041447fd7f8 is pointing into the stack for thread: 0x000001b90c7c6800
RSP=0x00000041447fd7a0 is pointing into the stack for thread: 0x000001b90c7c6800
RBP=0x0000000000000000 is an unknown value
RSI=0x00000000000000b7 is an unknown value
RDI={method} {0x000001b97df23bb8} 'getMouseEventTargetImpl' '(IIZLjava/awt/Container$EventTargetFilter;ZZ)Ljava/awt/Component;' in 'java/awt/Container'
R8 =0x0000000000000001 is an unknown value
R9 =0x0000000000000001 is an unknown value
R10=0x000001b90c7b83e0 is an unknown value
R11={method} {0x000001b97df23bb8} 'getMouseEventTargetImpl' '(IIZLjava/awt/Container$EventTargetFilter;ZZ)Ljava/awt/Component;' in 'java/awt/Container'
R12=0x0000000000000000 is an unknown value
R13=0x0000000000000000 is an unknown value
R14=0x00000000000000b7 is an unknown value
R15=0x0000000000000000 is an unknown value


Stack: [0x0000004144700000,0x0000004144800000],  sp=0x00000041447fd7a0,  free space=1013k
Native frames: (J=compiled Java code, j=interpreted, Vv=VM code, C=native code)


Current CompileTask:
C1:   9377 1503       3       java.awt.Container::getMouseEventTarget (50 bytes)


---------------  P R O C E S S  ---------------

Java Threads: ( => current thread )
  0x000001b90df05800 JavaThread "TimerQueue" daemon [_thread_blocked, id=15504, stack(0x0000004145a00000,0x0000004145b00000)]
  0x000001b90df02000 JavaThread "Thread-12" [_thread_blocked, id=14432, stack(0x0000004145900000,0x0000004145a00000)]
  0x000001b90df05000 JavaThread "Network Thread" [_thread_blocked, id=16292, stack(0x0000004145600000,0x0000004145700000)]
  0x000001b90c7c3000 JavaThread "Network Thread" [_thread_blocked, id=436, stack(0x0000004145000000,0x0000004145100000)]
  0x000001b90c7c2000 JavaThread "Thread-7" daemon [_thread_in_native, id=14052, stack(0x0000004145500000,0x0000004145600000)]
  0x000001b90e5fe000 JavaThread "Thread-6" daemon [_thread_blocked, id=6808, stack(0x0000004145400000,0x0000004145500000)]
  0x000001b90c9ec800 JavaThread "EDT" [_thread_blocked, id=9148, stack(0x0000004145200000,0x0000004145300000)]
  0x000001b90e25d000 JavaThread "Image Fetcher 0" daemon [_thread_blocked, id=17724, stack(0x0000004145100000,0x0000004145200000)]
  0x000001b96ace4800 JavaThread "DestroyJavaVM" [_thread_blocked, id=12368, stack(0x0000004142800000,0x0000004142900000)]
  0x000001b90e099000 JavaThread "Thread-1" [_thread_blocked, id=8176, stack(0x0000004144f00000,0x0000004145000000)]
  0x000001b90e097000 JavaThread "AWT-EventQueue-0" [_thread_blocked, id=18328, stack(0x0000004144e00000,0x0000004144f00000)]
  0x000001b90e0fa000 JavaThread "AWT-Windows" daemon [_thread_in_native, id=18460, stack(0x0000004144d00000,0x0000004144e00000)]
  0x000001b90e0f9000 JavaThread "AWT-Shutdown" [_thread_blocked, id=2388, stack(0x0000004144c00000,0x0000004144d00000)]
  0x000001b90e0f4800 JavaThread "Java2D Disposer" daemon [_thread_blocked, id=13628, stack(0x0000004144b00000,0x0000004144c00000)]
  0x000001b90c875000 JavaThread "Service Thread" daemon [_thread_blocked, id=13556, stack(0x0000004144900000,0x0000004144a00000)]
  0x000001b90c7c7800 JavaThread "C1 CompilerThread11" daemon [_thread_in_vm, id=4368, stack(0x0000004144800000,0x0000004144900000)]
=>0x000001b90c7c6800 JavaThread "C1 CompilerThread10" daemon [_thread_in_vm, id=8444, stack(0x0000004144700000,0x0000004144800000)]
  0x000001b90c7c6000 JavaThread "C1 CompilerThread9" daemon [_thread_blocked, id=15188, stack(0x0000004144600000,0x0000004144700000)]
  0x000001b90c7c4800 JavaThread "C1 CompilerThread8" daemon [_thread_blocked, id=18956, stack(0x0000004144500000,0x0000004144600000)]
  0x000001b90c7c0800 JavaThread "C2 CompilerThread7" daemon [_thread_blocked, id=7692, stack(0x0000004144400000,0x0000004144500000)]
  0x000001b90c7c5000 JavaThread "C2 CompilerThread6" daemon [_thread_blocked, id=19968, stack(0x0000004144300000,0x0000004144400000)]
  0x000001b90c7c3800 JavaThread "C2 CompilerThread5" daemon [_thread_in_vm, id=13508, stack(0x0000004144200000,0x0000004144300000)]
  0x000001b90c7bb000 JavaThread "C2 CompilerThread4" daemon [_thread_blocked, id=3752, stack(0x0000004144100000,0x0000004144200000)]
  0x000001b90c7b8800 JavaThread "C2 CompilerThread3" daemon [_thread_blocked, id=2996, stack(0x0000004144000000,0x0000004144100000)]
  0x000001b90c7b7000 JavaThread "C2 CompilerThread2" daemon [_thread_blocked, id=12312, stack(0x0000004143f00000,0x0000004144000000)]
  0x000001b90c7b2000 JavaThread "C2 CompilerThread1" daemon [_thread_blocked, id=4900, stack(0x0000004143e00000,0x0000004143f00000)]
  0x000001b90c7af800 JavaThread "C2 CompilerThread0" daemon [_thread_blocked, id=12240, stack(0x0000004143d00000,0x0000004143e00000)]
  0x000001b90c7ac800 JavaThread "Attach Listener" daemon [_thread_blocked, id=8396, stack(0x0000004143c00000,0x0000004143d00000)]
  0x000001b90c7ab800 JavaThread "Signal Dispatcher" daemon [_thread_blocked, id=16220, stack(0x0000004143b00000,0x0000004143c00000)]
  0x000001b90c788000 JavaThread "Finalizer" daemon [_thread_blocked, id=4952, stack(0x0000004143a00000,0x0000004143b00000)]
  0x000001b90c782000 JavaThread "Reference Handler" daemon [_thread_blocked, id=4092, stack(0x0000004143900000,0x0000004143a00000)]

Other Threads:
  0x000001b90c761800 VMThread [stack: 0x0000004143800000,0x0000004143900000] [id=5128]
  0x000001b90c889800 WatcherThread [stack: 0x0000004144a00000,0x0000004144b00000] [id=19616]

VM state:not at safepoint (normal execution)

VM Mutex/Monitor currently owned by a thread: None

heap address: 0x0000000644c00000, size: 6068 MB, Compressed Oops mode: Zero based, Oop shift amount: 3
Narrow klass base: 0x0000000000000000, Narrow klass shift: 3
Compressed class space size: 1073741824 Address: 0x00000007c0000000

Heap:
 PSYoungGen      total 113664K, used 46476K [0x0000000741980000, 0x0000000749800000, 0x00000007c0000000)
  eden space 97792K, 39% used [0x0000000741980000,0x0000000743fb1400,0x0000000747900000)
  from space 15872K, 46% used [0x0000000748880000,0x0000000748fb1f38,0x0000000749800000)
  to   space 15872K, 0% used [0x0000000747900000,0x0000000747900000,0x0000000748880000)
 ParOldGen       total 259584K, used 104830K [0x0000000644c00000, 0x0000000654980000, 0x0000000741980000)
  object space 259584K, 40% used [0x0000000644c00000,0x000000064b25f8c0,0x0000000654980000)
 Metaspace       used 17265K, capacity 17616K, committed 17920K, reserved 1064960K
  class space    used 2104K, capacity 2204K, committed 2304K, reserved 1048576K

Card table byte_map: [0x000001b97bcb0000,0x000001b97c890000] byte_map_base: 0x000001b978a8a000

Marking Bits: (ParMarkBitMap*) 0x0000000060107fe0
 Begin Bits: [0x000001b900000000, 0x000001b905ed0000)
 End Bits:   [0x000001b905ed0000, 0x000001b90bda0000)

Polling page: 0x000001b96ac80000

CodeCache: size=245760Kb used=6631Kb max_used=6631Kb free=239128Kb
 bounds [0x000001b96c8f0000, 0x000001b96cf70000, 0x000001b97b8f0000]
 total_blobs=2032 nmethods=1476 adapters=465
 compilation: enabled

Compilation events (10 events):
Event: 9.352 Thread 0x000001b90c7c6000 nmethod 1500 0x000001b96cf6d950 code [0x000001b96cf6daa0, 0x000001b96cf6dbb8]
Event: 9.354 Thread 0x000001b90c7c7800 1501       1       java.awt.EventDispatchThread$1::evaluate (2 bytes)
Event: 9.354 Thread 0x000001b90c7c4800 1502  s    1       java.awt.EventDispatchThread::getEventQueue (5 bytes)
Event: 9.354 Thread 0x000001b90c7c7800 nmethod 1501 0x000001b96cf6dc10 code [0x000001b96cf6dd60, 0x000001b96cf6de78]
Event: 9.354 Thread 0x000001b90c7c4800 nmethod 1502 0x000001b96cf6ded0 code [0x000001b96cf6e020, 0x000001b96cf6e298]
Event: 9.361 Thread 0x000001b90c7c7800 1504   !   3       java.awt.Container::getMouseEventTargetImpl (255 bytes)
Event: 9.361 Thread 0x000001b90c7c6800 1503       3       java.awt.Container::getMouseEventTarget (50 bytes)
Event: 9.361 Thread 0x000001b90c7c4800 1505       3       java.awt.event.InputEvent::getModifiers (8 bytes)
Event: 9.361 Thread 0x000001b90c7c4800 nmethod 1505 0x000001b96cf6e310 code [0x000001b96cf6e460, 0x000001b96cf6e5b8]
Event: 9.362 Thread 0x000001b90c7c3800 1506       4       sun.awt.AppContext::getAppContext (51 bytes)

GC Heap History (4 events):
Event: 3.413 GC heap before
{Heap before GC invocations=1 (full 0):
 PSYoungGen      total 113664K, used 97792K [0x0000000741980000, 0x0000000749800000, 0x00000007c0000000)
  eden space 97792K, 100% used [0x0000000741980000,0x0000000747900000,0x0000000747900000)
  from space 15872K, 0% used [0x0000000748880000,0x0000000748880000,0x0000000749800000)
  to   space 15872K, 0% used [0x0000000747900000,0x0000000747900000,0x0000000748880000)
 ParOldGen       total 259584K, used 0K [0x0000000644c00000, 0x0000000654980000, 0x0000000741980000)
  object space 259584K, 0% used [0x0000000644c00000,0x0000000644c00000,0x0000000654980000)
 Metaspace       used 11087K, capacity 11450K, committed 11776K, reserved 1058816K
  class space    used 1330K, capacity 1457K, committed 1536K, reserved 1048576K
Event: 3.428 GC heap after
Heap after GC invocations=1 (full 0):
 PSYoungGen      total 113664K, used 15090K [0x0000000741980000, 0x0000000749800000, 0x00000007c0000000)
  eden space 97792K, 0% used [0x0000000741980000,0x0000000741980000,0x0000000747900000)
  from space 15872K, 95% used [0x0000000747900000,0x00000007487bcba8,0x0000000748880000)
  to   space 15872K, 0% used [0x0000000748880000,0x0000000748880000,0x0000000749800000)
 ParOldGen       total 259584K, used 65516K [0x0000000644c00000, 0x0000000654980000, 0x0000000741980000)
  object space 259584K, 25% used [0x0000000644c00000,0x0000000648bfb378,0x0000000654980000)
 Metaspace       used 11087K, capacity 11450K, committed 11776K, reserved 1058816K
  class space    used 1330K, capacity 1457K, committed 1536K, reserved 1048576K
}
Event: 6.228 GC heap before
{Heap before GC invocations=2 (full 0):
 PSYoungGen      total 113664K, used 112882K [0x0000000741980000, 0x0000000749800000, 0x00000007c0000000)
  eden space 97792K, 100% used [0x0000000741980000,0x0000000747900000,0x0000000747900000)
  from space 15872K, 95% used [0x0000000747900000,0x00000007487bcba8,0x0000000748880000)
  to   space 15872K, 0% used [0x0000000748880000,0x0000000748880000,0x0000000749800000)
 ParOldGen       total 259584K, used 65516K [0x0000000644c00000, 0x0000000654980000, 0x0000000741980000)
  object space 259584K, 25% used [0x0000000644c00000,0x0000000648bfb378,0x0000000654980000)
 Metaspace       used 14742K, capacity 15124K, committed 15488K, reserved 1062912K
  class space    used 1749K, capacity 1846K, committed 1920K, reserved 1048576K
Event: 6.237 GC heap after
Heap after GC invocations=2 (full 0):
 PSYoungGen      total 113664K, used 7367K [0x0000000741980000, 0x0000000749800000, 0x00000007c0000000)
  eden space 97792K, 0% used [0x0000000741980000,0x0000000741980000,0x0000000747900000)
  from space 15872K, 46% used [0x0000000748880000,0x0000000748fb1f38,0x0000000749800000)
  to   space 15872K, 0% used [0x0000000747900000,0x0000000747900000,0x0000000748880000)
 ParOldGen       total 259584K, used 104830K [0x0000000644c00000, 0x0000000654980000, 0x0000000741980000)
  object space 259584K, 40% used [0x0000000644c00000,0x000000064b25f8c0,0x0000000654980000)
 Metaspace       used 14742K, capacity 15124K, committed 15488K, reserved 1062912K
  class space    used 1749K, capacity 1846K, committed 1920K, reserved 1048576K
}

Deoptimization events (10 events):
Event: 6.339 Thread 0x000001b90c9ec800 Uncommon trap: reason=unstable_if action=reinterpret pc=0x000001b96ce9a58c method=sun.font.TrueTypeFont.getTableBuffer(I)Ljava/nio/ByteBuffer; @ 93
Event: 6.420 Thread 0x000001b90c9ec800 Uncommon trap: reason=bimorphic action=maybe_recompile pc=0x000001b96ce0bda0 method=java.io.DataInputStream.readFully([BII)V @ 34
Event: 6.420 Thread 0x000001b90c9ec800 Uncommon trap: reason=bimorphic action=maybe_recompile pc=0x000001b96ce0bda0 method=java.io.DataInputStream.readFully([BII)V @ 34
Event: 6.421 Thread 0x000001b90c9ec800 Uncommon trap: reason=bimorphic action=maybe_recompile pc=0x000001b96ce0bda0 method=java.io.DataInputStream.readFully([BII)V @ 34
Event: 6.421 Thread 0x000001b90c9ec800 Uncommon trap: reason=bimorphic action=maybe_recompile pc=0x000001b96ce0bda0 method=java.io.DataInputStream.readFully([BII)V @ 34
Event: 6.836 Thread 0x000001b90c9ec800 Uncommon trap: reason=unstable_if action=reinterpret pc=0x000001b96cea35cc method=java.lang.StringCoding.decode(Ljava/lang/String;[BII)[C @ 38
Event: 7.970 Thread 0x000001b90c9ec800 Uncommon trap: reason=predicate action=maybe_recompile pc=0x000001b96ce2230c method=java.util.ArrayList.indexOf(Ljava/lang/Object;)I @ 44
Event: 8.066 Thread 0x000001b90c9ec800 Uncommon trap: reason=unstable_if action=reinterpret pc=0x000001b96cd07ba4 method=sun.awt.image.ByteInterleavedRaster.putByteData(IIII[B)V @ 395
Event: 9.038 Thread 0x000001b90c9ec800 Uncommon trap: reason=class_check action=maybe_recompile pc=0x000001b96cdeb498 method=java.util.HashMap.getNode(ILjava/lang/Object;)Ljava/util/HashMap$Node; @ 126
Event: 9.038 Thread 0x000001b90c9ec800 Uncommon trap: reason=class_check action=maybe_recompile pc=0x000001b96cdeb498 method=java.util.HashMap.getNode(ILjava/lang/Object;)Ljava/util/HashMap$Node; @ 126

Classes redefined (0 events):
No events

Internal exceptions (10 events):
Event: 0.068 Thread 0x000001b96ace4800 Exception <a 'java/io/FileNotFoundException'> (0x00000007419db880) thrown at [C:\jenkins\workspace\8-2-build-windows-amd64-cygwin\jdk8u301\1513\hotspot\src\share\vm\prims\jni.cpp, line 710]
Event: 0.081 Thread 0x000001b96ace4800 Exception <a 'java/security/PrivilegedActionException'> (0x0000000741a1ab70) thrown at [C:\jenkins\workspace\8-2-build-windows-amd64-cygwin\jdk8u301\1513\hotspot\src\share\vm\prims\jvm.cpp, line 1523]
Event: 0.081 Thread 0x000001b96ace4800 Exception <a 'java/security/PrivilegedActionException'> (0x0000000741a1ad80) thrown at [C:\jenkins\workspace\8-2-build-windows-amd64-cygwin\jdk8u301\1513\hotspot\src\share\vm\prims\jvm.cpp, line 1523]
Event: 0.081 Thread 0x000001b96ace4800 Exception <a 'java/security/PrivilegedActionException'> (0x0000000741a1ee78) thrown at [C:\jenkins\workspace\8-2-build-windows-amd64-cygwin\jdk8u301\1513\hotspot\src\share\vm\prims\jvm.cpp, line 1523]
Event: 0.081 Thread 0x000001b96ace4800 Exception <a 'java/security/PrivilegedActionException'> (0x0000000741a1f088) thrown at [C:\jenkins\workspace\8-2-build-windows-amd64-cygwin\jdk8u301\1513\hotspot\src\share\vm\prims\jvm.cpp, line 1523]
Event: 0.100 Thread 0x000001b96ace4800 Exception <a 'java/io/FileNotFoundException'> (0x0000000741a6a678) thrown at [C:\jenkins\workspace\8-2-build-windows-amd64-cygwin\jdk8u301\1513\hotspot\src\share\vm\prims\jni.cpp, line 710]
Event: 0.122 Thread 0x000001b96ace4800 Exception <a 'java/lang/NoSuchFieldError': method resolution failed> (0x0000000741b3afe0) thrown at [C:\jenkins\workspace\8-2-build-windows-amd64-cygwin\jdk8u301\1513\hotspot\src\share\vm\prims\methodHandles.cpp, line 1169]
Event: 0.123 Thread 0x000001b96ace4800 Exception <a 'java/lang/NoSuchFieldError': method resolution failed> (0x0000000741b48380) thrown at [C:\jenkins\workspace\8-2-build-windows-amd64-cygwin\jdk8u301\1513\hotspot\src\share\vm\prims\methodHandles.cpp, line 1169]
Event: 3.099 Thread 0x000001b90e097000 Exception <a 'java/io/FileNotFoundException'> (0x00000007446898b8) thrown at [C:\jenkins\workspace\8-2-build-windows-amd64-cygwin\jdk8u301\1513\hotspot\src\share\vm\prims\jni.cpp, line 710]
Event: 6.339 Thread 0x000001b90c9ec800 Implicit null exception at 0x000001b96ce973e5 to 0x000001b96ce9a555

Events (10 events):
Event: 9.098 loading class java/util/concurrent/TimeUnit$4
Event: 9.098 loading class java/util/concurrent/TimeUnit$4 done
Event: 9.098 loading class java/util/concurrent/TimeUnit$5
Event: 9.098 loading class java/util/concurrent/TimeUnit$5 done
Event: 9.098 loading class java/util/concurrent/TimeUnit$6
Event: 9.098 loading class java/util/concurrent/TimeUnit$6 done
Event: 9.098 loading class java/util/concurrent/TimeUnit$7
Event: 9.098 loading class java/util/concurrent/TimeUnit$7 done
Event: 9.098 loading class javax/swing/RepaintManager$3
Event: 9.098 loading class javax/swing/RepaintManager$3 done


Dynamic libraries:
0x00007ff7ffd10000 - 0x00007ff7ffd57000 	C:\Program Files\Java\jdk1.8.0_301\jre\bin\java.exe
0x00007ff88a9d0000 - 0x00007ff88abe4000 	C:\WINDOWS\SYSTEM32\ntdll.dll
0x00007ff889120000 - 0x00007ff8891e2000 	C:\WINDOWS\System32\KERNEL32.DLL
0x00007ff888050000 - 0x00007ff8883ec000 	C:\WINDOWS\System32\KERNELBASE.dll
0x00007ff88a8e0000 - 0x00007ff88a98e000 	C:\WINDOWS\System32\ADVAPI32.dll
0x00007ff88a570000 - 0x00007ff88a617000 	C:\WINDOWS\System32\msvcrt.dll
0x00007ff888b30000 - 0x00007ff888bd4000 	C:\WINDOWS\System32\sechost.dll
0x00007ff8891f0000 - 0x00007ff889307000 	C:\WINDOWS\System32\RPCRT4.dll
0x00007ff8887e0000 - 0x00007ff88898b000 	C:\WINDOWS\System32\USER32.dll
0x00007ff887fa0000 - 0x00007ff887fc6000 	C:\WINDOWS\System32\win32u.dll
0x00007ff88a840000 - 0x00007ff88a869000 	C:\WINDOWS\System32\GDI32.dll
0x00007ff888620000 - 0x00007ff888733000 	C:\WINDOWS\System32\gdi32full.dll
0x00007ff888740000 - 0x00007ff8887da000 	C:\WINDOWS\System32\msvcp_win.dll
0x00007ff887e80000 - 0x00007ff887f91000 	C:\WINDOWS\System32\ucrtbase.dll
0x00007ff869e20000 - 0x00007ff86a0ae000 	C:\WINDOWS\WinSxS\amd64_microsoft.windows.common-controls_6595b64144ccf1df_6.0.22621.608_none_a9444ca7c10bb01d\COMCTL32.dll
0x00007ff88a440000 - 0x00007ff88a471000 	C:\WINDOWS\System32\IMM32.DLL
0x00007ff830d30000 - 0x00007ff830d45000 	C:\Program Files\Java\jdk1.8.0_301\jre\bin\vcruntime140.dll
0x00007ff80f9f0000 - 0x00007ff80fa8b000 	C:\Program Files\Java\jdk1.8.0_301\jre\bin\msvcp140.dll
0x000000005f920000 - 0x0000000060180000 	C:\Program Files\Java\jdk1.8.0_301\jre\bin\server\jvm.dll
0x00007ff88a480000 - 0x00007ff88a488000 	C:\WINDOWS\System32\PSAPI.DLL
0x00007ff8627d0000 - 0x00007ff8627d9000 	C:\WINDOWS\SYSTEM32\WSOCK32.dll
0x00007ff87cc70000 - 0x00007ff87cc7a000 	C:\WINDOWS\SYSTEM32\VERSION.dll
0x00007ff87d650000 - 0x00007ff87d684000 	C:\WINDOWS\SYSTEM32\WINMM.dll
0x00007ff88a3c0000 - 0x00007ff88a431000 	C:\WINDOWS\System32\WS2_32.dll
0x00007ff886f50000 - 0x00007ff886f68000 	C:\WINDOWS\SYSTEM32\kernel.appcore.dll
0x00007ff87d080000 - 0x00007ff87d090000 	C:\Program Files\Java\jdk1.8.0_301\jre\bin\verify.dll
0x00007ff82bf10000 - 0x00007ff82bf3b000 	C:\Program Files\Java\jdk1.8.0_301\jre\bin\java.dll
0x00007ff82cbe0000 - 0x00007ff82cbf8000 	C:\Program Files\Java\jdk1.8.0_301\jre\bin\zip.dll
0x00007ff889b80000 - 0x00007ff88a370000 	C:\WINDOWS\System32\SHELL32.dll
0x00007ff885db0000 - 0x00007ff88667d000 	C:\WINDOWS\SYSTEM32\windows.storage.dll
0x00007ff888be0000 - 0x00007ff888f69000 	C:\WINDOWS\System32\combase.dll
0x00007ff885c70000 - 0x00007ff885dae000 	C:\WINDOWS\SYSTEM32\wintypes.dll
0x00007ff88a740000 - 0x00007ff88a831000 	C:\WINDOWS\System32\SHCORE.dll
0x00007ff889a10000 - 0x00007ff889a6e000 	C:\WINDOWS\System32\shlwapi.dll
0x00007ff887d40000 - 0x00007ff887d61000 	C:\WINDOWS\SYSTEM32\profapi.dll
0x00007ff87ce70000 - 0x00007ff87ce7d000 	C:\Program Files\Java\jdk1.8.0_301\jre\bin\management.dll
0x00007ff80fa90000 - 0x00007ff80fc25000 	C:\Program Files\Java\jdk1.8.0_301\jre\bin\awt.dll
0x00007ff88a490000 - 0x00007ff88a567000 	C:\WINDOWS\System32\OLEAUT32.dll
0x00007ff881880000 - 0x00007ff881916000 	C:\WINDOWS\SYSTEM32\apphelp.dll
0x00007ff882280000 - 0x00007ff88232b000 	C:\WINDOWS\system32\uxtheme.dll
0x00007ff88a620000 - 0x00007ff88a73e000 	C:\WINDOWS\System32\MSCTF.dll
0x00007ff888f80000 - 0x00007ff88911c000 	C:\WINDOWS\System32\ole32.dll
0x00007ff887fd0000 - 0x00007ff88804b000 	C:\WINDOWS\System32\bcryptPrimitives.dll
0x00007ff8824d0000 - 0x00007ff8824fb000 	C:\WINDOWS\system32\DWMAPI.DLL
0x00007ff80f8f0000 - 0x00007ff80f9f0000 	C:\WINDOWS\system32\opengl32.dll
0x00007ff80f8c0000 - 0x00007ff80f8ed000 	C:\WINDOWS\SYSTEM32\GLU32.dll
0x00007ff8852e0000 - 0x00007ff885316000 	C:\WINDOWS\SYSTEM32\dxcore.dll
0x00007ff887620000 - 0x00007ff88763b000 	C:\WINDOWS\SYSTEM32\CRYPTSP.dll
0x00007ff886ec0000 - 0x00007ff886ef5000 	C:\WINDOWS\system32\rsaenh.dll
0x00007ff8874c0000 - 0x00007ff8874e8000 	C:\WINDOWS\SYSTEM32\USERENV.dll
0x00007ff8877c0000 - 0x00007ff8877e8000 	C:\WINDOWS\SYSTEM32\bcrypt.dll
0x00007ff887640000 - 0x00007ff88764c000 	C:\WINDOWS\SYSTEM32\CRYPTBASE.dll
0x00007ff822450000 - 0x00007ff82246c000 	C:\Program Files\Java\jdk1.8.0_301\jre\bin\net.dll
0x00007ff8873c0000 - 0x00007ff887429000 	C:\WINDOWS\system32\mswsock.dll
0x00007ff8869e0000 - 0x00007ff886a0d000 	C:\WINDOWS\SYSTEM32\IPHLPAPI.DLL
0x00007ff88a870000 - 0x00007ff88a879000 	C:\WINDOWS\System32\NSI.dll
0x00007ff87db60000 - 0x00007ff87db79000 	C:\WINDOWS\SYSTEM32\dhcpcsvc6.DLL
0x00007ff87d960000 - 0x00007ff87d97f000 	C:\WINDOWS\SYSTEM32\dhcpcsvc.DLL
0x00007ff886a20000 - 0x00007ff886b13000 	C:\WINDOWS\SYSTEM32\DNSAPI.dll
0x00007ff80fc30000 - 0x00007ff80fc43000 	C:\Program Files\Java\jdk1.8.0_301\jre\bin\nio.dll
0x00007ff80f870000 - 0x00007ff80f8b9000 	C:\Program Files\Java\jdk1.8.0_301\jre\bin\fontmanager.dll
0x00007ff80f820000 - 0x00007ff80f863000 	C:\Program Files\Java\jdk1.8.0_301\jre\bin\t2k.dll
0x00007ff858280000 - 0x00007ff8583ae000 	C:\WINDOWS\SYSTEM32\textinputframework.dll
0x00007ff881080000 - 0x00007ff8811b3000 	C:\WINDOWS\SYSTEM32\CoreMessaging.dll
0x00007ff87c5a0000 - 0x00007ff87c90c000 	C:\WINDOWS\SYSTEM32\CoreUIComponents.dll
0x00007ff8894e0000 - 0x00007ff889590000 	C:\WINDOWS\System32\clbcatq.dll
0x00007ff87fcc0000 - 0x00007ff87fe70000 	C:\WINDOWS\SYSTEM32\WindowsCodecs.dll
0x00007ff847b30000 - 0x00007ff847b8e000 	C:\WINDOWS\system32\dataexchange.dll
0x00007ff87b130000 - 0x00007ff87b39a000 	C:\WINDOWS\system32\twinapi.appcore.dll
0x00007ff885400000 - 0x00007ff88562e000 	C:\WINDOWS\SYSTEM32\dbghelp.dll

VM Arguments:
jvm_args: -Dfile.encoding=UTF-8 
java_command: com.codename1.impl.javase.Simulator com.tefreelancy.myapp.MyApplication
java_class_path (initial): C:\Users\ROG\Desktop\MobilePI\Tefreelancy_Mobile\JavaSE.jar;C:\Users\ROG\Desktop\MobilePI\Tefreelancy_Mobile\lib\CLDC11.jar;C:\Users\ROG\Desktop\MobilePI\Tefreelancy_Mobile\lib\CodenameOne.jar;C:\Users\ROG\Desktop\MobilePI\Tefreelancy_Mobile\lib\CodenameOne_SRC.zip;C:\Users\ROG\Desktop\MobilePI\Tefreelancy_Mobile\lib\impl\cls;C:\Users\ROG\Desktop\MobilePI\Tefreelancy_Mobile\lib\impl\stubs;C:\Users\ROG\Desktop\MobilePI\Tefreelancy_Mobile\build\classes;C:\Users\ROG\Desktop\MobilePI\Tefreelancy_Mobile\native\internal_tmp
Launcher Type: SUN_STANDARD

Environment Variables:
PATH=C:\oraclexe\app\oracle\product\10.2.0\server\bin;C:\Users\ROG\Downloads\WINDOWS.X64_213000_db_home\bin;C:\Program Files (x86)\Common Files\Oracle\Java\javapath;C:\Windows\system32;C:\Windows;C:\Windows\System32\Wbem;C:\Windows\System32\WindowsPowerShell\v1.0\;C:\Windows\System32\OpenSSH\;C:\Program Files (x86)\NVIDIA Corporation\PhysX\Common;C:\Program Files\NVIDIA Corporation\NVIDIA NvDLISR;C:\WINDOWS\system32;C:\WINDOWS;C:\WINDOWS\System32\Wbem;C:\WINDOWS\System32\WindowsPowerShell\v1.0\;C:\WINDOWS\System32\OpenSSH\;C:\Program Files\Git\cmd;C:\Program Files\nodejs\;C:\ProgramData\ComposerSetup\bin;C:\src\flutter\bin;C:\Program Files\Java\jdk1.8.0_301\bin;C:\Users\ROG\AppData\Local\Programs\Python\Python311\Scripts\;C:\Users\ROG\AppData\Local\Programs\Python\Python311\;C:\Users\ROG\scoop\shims;C:\Users\ROG\AppData\Local\Microsoft\WindowsApps;C:\Users\ROG\AppData\Local\Programs\Microsoft VS Code\bin;C:\Users\ROG\AppData\Roaming\npm;C:\xampp\php;C:\Users\ROG\AppData\Roaming\Composer\vendor\bin;C:\Users\ROG\AppData\Local\Programs\oh-my-posh\bin;C:\src\flutter\bin;C:\Program Files\Java\jdk1.8.0_301\bin;
USERNAME=ROG
OS=Windows_NT
PROCESSOR_IDENTIFIER=Intel64 Family 6 Model 154 Stepping 3, GenuineIntel



---------------  S Y S T E M  ---------------

OS: Windows 10.0 , 64 bit Build 22621 (10.0.22621.1485)

CPU:total 20 (initial active 20) (10 cores per cpu, 2 threads per core) family 6 model 154 stepping 3, cmov, cx8, fxsr, mmx, sse, sse2, sse3, ssse3, sse4.1, sse4.2, popcnt, avx, avx2, aes, clmul, erms, 3dnowpref, lzcnt, ht, tsc, tscinvbit, bmi1, bmi2, adx

Memory: 4k page, physical 24850704k(13369540k free), swap 27865360k(5093852k free)

vm_info: Java HotSpot(TM) 64-Bit Server VM (25.301-b09) for windows-amd64 JRE (1.8.0_301-b09), built on Jun  9 2021 06:46:21 by "java_re" with MS VC++ 15.9 (VS2017)

time: Mon May  8 07:47:09 2023
timezone: Paris, Madrid (heure d’été)
elapsed time: 9.381818 seconds (0d 0h 0m 9s)

